Using pre-set license
Built from '2020.3/release' branch; Version is '2020.3.2f1 (8fd9074bf66c) revision 9427207'; Using compiler version '192528614'; Build Type 'Release'
OS: 'Windows 10 Pro; OS build 19042.1052; Version 2009; 64bit' Language: 'en' Physical Memory: 32665 MB
BatchMode: 1, IsHumanControllingUs: 0, StartBugReporterOnCrash: 0, Is64bit: 1, IsPro: 0

 COMMAND LINE ARGUMENTS:
C:\Program Files\Unity\Hub\Editor\2020.3.2f1\Editor\Unity.exe
-adb2
-batchMode
-noUpm
-name
AssetImportWorker0
-projectPath
C:/Users/popan/Documents/GitHub/WanderersOfTheEvercave
-logFile
Logs/AssetImportWorker0.log
-srvPort
50320
Successfully changed project path to: C:/Users/popan/Documents/GitHub/WanderersOfTheEvercave
C:/Users/popan/Documents/GitHub/WanderersOfTheEvercave
Using Asset Import Pipeline V2.
Refreshing native plugins compatible for Editor in 28.48 ms, found 1 plugins.
Preloading 0 native plugins for Editor in 0.00 ms.
Initialize engine version: 2020.3.2f1 (8fd9074bf66c)
[Subsystems] Discovering subsystems at path C:/Program Files/Unity/Hub/Editor/2020.3.2f1/Editor/Data/Resources/UnitySubsystems
[Subsystems] Discovering subsystems at path C:/Users/popan/Documents/GitHub/WanderersOfTheEvercave/Assets
GfxDevice: creating device client; threaded=0
Direct3D:
    Version:  Direct3D 11.0 [level 11.1]
    Renderer: NVIDIA GeForce GTX 1060 6GB (ID=0x1c03)
    Vendor:   
    VRAM:     6052 MB
    Driver:   27.21.14.6140
Initialize mono
Mono path[0] = 'C:/Program Files/Unity/Hub/Editor/2020.3.2f1/Editor/Data/Managed'
Mono path[1] = 'C:/Program Files/Unity/Hub/Editor/2020.3.2f1/Editor/Data/MonoBleedingEdge/lib/mono/unityjit'
Mono config path = 'C:/Program Files/Unity/Hub/Editor/2020.3.2f1/Editor/Data/MonoBleedingEdge/etc'
Using monoOptions --debugger-agent=transport=dt_socket,embedding=1,server=y,suspend=n,address=127.0.0.1:56300
Begin MonoManager ReloadAssembly
Registering precompiled unity dll's ...
Register platform support module: C:/Program Files/Unity/Hub/Editor/2020.3.2f1/Editor/Data/PlaybackEngines/WindowsStandaloneSupport/UnityEditor.WindowsStandalone.Extensions.dll
Registered in 0.001425 seconds.
Native extension for WindowsStandalone target not found
Refreshing native plugins compatible for Editor in 30.67 ms, found 1 plugins.
Preloading 0 native plugins for Editor in 0.00 ms.
Invoked RoslynAnalysisRunner static constructor.
RoslynAnalysisRunner will not be running.
RoslynAnalysisRunner has terminated.
Mono: successfully reloaded assembly
- Completed reload, in  0.952 seconds
Platform modules already initialized, skipping
Registering precompiled user dll's ...
Registered in 0.000711 seconds.
Begin MonoManager ReloadAssembly
Native extension for WindowsStandalone target not found
Refreshing native plugins compatible for Editor in 28.46 ms, found 1 plugins.
Preloading 0 native plugins for Editor in 0.00 ms.
Invoked RoslynAnalysisRunner static constructor.
RoslynAnalysisRunner will not be running.
RoslynAnalysisRunner has terminated.
Mono: successfully reloaded assembly
- Completed reload, in  0.789 seconds
Platform modules already initialized, skipping
========================================================================
Worker process is ready to serve import requests
Launched and connected shader compiler UnityShaderCompiler.exe after 0.03 seconds
Refreshing native plugins compatible for Editor in 0.31 ms, found 1 plugins.
Preloading 0 native plugins for Editor in 0.00 ms.
Unloading 1818 Unused Serialized files (Serialized files now loaded: 0)
System memory in use before: 85.2 MB.
System memory in use after: 85.1 MB.

Unloading 24 unused Assets to reduce memory usage. Loaded Objects now: 2261.
Total: 2.846100 ms (FindLiveObjects: 0.336900 ms CreateObjectMapping: 0.151500 ms MarkObjects: 2.208600 ms  DeleteObjects: 0.147200 ms)

========================================================================
Received Import Request.
  path: Assets/Resources/Prefabs/Map/Visuals/Obstacles
  artifactKey: Guid(ac963cbc56d22594fa7707a2d5503371) Importer(815301076,1909f56bfc062723c751e8b465ee728b)
Start importing Assets/Resources/Prefabs/Map/Visuals/Obstacles using Guid(ac963cbc56d22594fa7707a2d5503371) Importer(815301076,1909f56bfc062723c751e8b465ee728b)  -> (artifact id: '98ab89ee7aed3eba07ebbacf8fd1cade') in 0.009027 seconds
  Import took 0.011923 seconds .

========================================================================
Received Import Request.
  Time since last request: 10.060732 seconds.
  path: Assets/Resources/Prefabs/Map/Visuals/Obstacles/Full
  artifactKey: Guid(340e5e75f12e790438286d236461018a) Importer(815301076,1909f56bfc062723c751e8b465ee728b)
Start importing Assets/Resources/Prefabs/Map/Visuals/Obstacles/Full using Guid(340e5e75f12e790438286d236461018a) Importer(815301076,1909f56bfc062723c751e8b465ee728b)  -> (artifact id: '5a35216c95a937be00a5c14e2feea189') in 0.005535 seconds
  Import took 0.008380 seconds .

========================================================================
Received Import Request.
  Time since last request: 7.052549 seconds.
  path: Assets/Resources/Prefabs/Map/Visuals/Obstacles/Half
  artifactKey: Guid(281000965658fa9498eef6b8d1367a72) Importer(815301076,1909f56bfc062723c751e8b465ee728b)
Start importing Assets/Resources/Prefabs/Map/Visuals/Obstacles/Half using Guid(281000965658fa9498eef6b8d1367a72) Importer(815301076,1909f56bfc062723c751e8b465ee728b)  -> (artifact id: 'd3ae690826fb5f4f8edd1f54efd9dbcd') in 0.006070 seconds
  Import took 0.008802 seconds .

========================================================================
Received Import Request.
  Time since last request: 1.790567 seconds.
  path: Assets/Resources/Prefabs/Map/Visuals/Floors/FloorTile.prefab
  artifactKey: Guid(b3fc66ee961c9a0479fc72499ea2f1b8) Importer(815301076,1909f56bfc062723c751e8b465ee728b)
Start importing Assets/Resources/Prefabs/Map/Visuals/Floors/FloorTile.prefab using Guid(b3fc66ee961c9a0479fc72499ea2f1b8) Importer(815301076,1909f56bfc062723c751e8b465ee728b)  -> (artifact id: 'a333998ac05eedbfe3f381943779b69b') in 0.079562 seconds
  Import took 0.082494 seconds .

========================================================================
Received Import Request.
  Time since last request: 47.959526 seconds.
  path: Assets/Resources/Prefabs/Map/Visuals/Floors/FloorTile 1.prefab
  artifactKey: Guid(835177d5e83c549488421d005d04e423) Importer(815301076,1909f56bfc062723c751e8b465ee728b)
Start importing Assets/Resources/Prefabs/Map/Visuals/Floors/FloorTile 1.prefab using Guid(835177d5e83c549488421d005d04e423) Importer(815301076,1909f56bfc062723c751e8b465ee728b)  -> (artifact id: '4f2b5f04a8bc1caf2f2d22d3daae3d9c') in 0.010894 seconds
  Import took 0.014210 seconds .

========================================================================
Received Import Request.
  Time since last request: 10.329676 seconds.
  path: Assets/Resources/Prefabs/Map/Visuals/Obstacles/Full/FloorTile 2.prefab
  artifactKey: Guid(ace766f88ea7e0b4e8bf9b075fde8ee1) Importer(815301076,1909f56bfc062723c751e8b465ee728b)
Start importing Assets/Resources/Prefabs/Map/Visuals/Obstacles/Full/FloorTile 2.prefab using Guid(ace766f88ea7e0b4e8bf9b075fde8ee1) Importer(815301076,1909f56bfc062723c751e8b465ee728b)  -> (artifact id: '24708895ca57cd859b4e1679e2a6e8b6') in 0.011355 seconds
  Import took 0.014550 seconds .

========================================================================
Received Import Request.
  Time since last request: 17.938405 seconds.
  path: Assets/Resources/Prefabs/Map/Visuals/Obstacles/Full/FullObstacle.prefab
  artifactKey: Guid(835177d5e83c549488421d005d04e423) Importer(815301076,1909f56bfc062723c751e8b465ee728b)
Start importing Assets/Resources/Prefabs/Map/Visuals/Obstacles/Full/FullObstacle.prefab using Guid(835177d5e83c549488421d005d04e423) Importer(815301076,1909f56bfc062723c751e8b465ee728b)  -> (artifact id: 'b1dc6730f06a723d18d348f8f333fe7d') in 0.011772 seconds
  Import took 0.014921 seconds .

========================================================================
Received Import Request.
  Time since last request: 9.427024 seconds.
  path: Assets/Resources/Prefabs/Map/Visuals/Obstacles/Half/HalfObstacle.prefab
  artifactKey: Guid(ace766f88ea7e0b4e8bf9b075fde8ee1) Importer(815301076,1909f56bfc062723c751e8b465ee728b)
Start importing Assets/Resources/Prefabs/Map/Visuals/Obstacles/Half/HalfObstacle.prefab using Guid(ace766f88ea7e0b4e8bf9b075fde8ee1) Importer(815301076,1909f56bfc062723c751e8b465ee728b)  -> (artifact id: 'd41aa7441023cd904b6be1badd6a7d54') in 0.010492 seconds
  Import took 0.013302 seconds .

========================================================================
Received Import Request.
  Time since last request: 22.952421 seconds.
  path: Assets/Resources/Prefabs/Map/Visuals/Obstacles/Full/FullObstacle.prefab
  artifactKey: Guid(835177d5e83c549488421d005d04e423) Importer(815301076,1909f56bfc062723c751e8b465ee728b)
Start importing Assets/Resources/Prefabs/Map/Visuals/Obstacles/Full/FullObstacle.prefab using Guid(835177d5e83c549488421d005d04e423) Importer(815301076,1909f56bfc062723c751e8b465ee728b)  -> (artifact id: '1abe4ab0a514daf0d910625d967c30d5') in 0.008870 seconds
  Import took 0.012068 seconds .

========================================================================
Received Import Request.
  Time since last request: 5.504424 seconds.
  path: Assets/Resources/Prefabs/Map/Visuals/Obstacles/Half/HalfObstacle.prefab
  artifactKey: Guid(ace766f88ea7e0b4e8bf9b075fde8ee1) Importer(815301076,1909f56bfc062723c751e8b465ee728b)
Start importing Assets/Resources/Prefabs/Map/Visuals/Obstacles/Half/HalfObstacle.prefab using Guid(ace766f88ea7e0b4e8bf9b075fde8ee1) Importer(815301076,1909f56bfc062723c751e8b465ee728b)  -> (artifact id: 'ed06313b13659aa79ced41855e58403f') in 0.010380 seconds
  Import took 0.013666 seconds .

========================================================================
Received Import Request.
  Time since last request: 23.245979 seconds.
  path: Assets/Resources/Prefabs/Map/Blocks/Rooms/L/Left Room 1.prefab
  artifactKey: Guid(bc92d97ad42c7514d80a0d3dd03e1ee5) Importer(815301076,1909f56bfc062723c751e8b465ee728b)
Start importing Assets/Resources/Prefabs/Map/Blocks/Rooms/L/Left Room 1.prefab using Guid(bc92d97ad42c7514d80a0d3dd03e1ee5) Importer(815301076,1909f56bfc062723c751e8b465ee728b)  -> (artifact id: '9765c352ff3d9747a03b61ca64ada0aa') in 0.007320 seconds
  Import took 0.010548 seconds .

========================================================================
Received Prepare
Registering precompiled user dll's ...
Registered in 0.000789 seconds.
Begin MonoManager ReloadAssembly
Native extension for WindowsStandalone target not found
Refreshing native plugins compatible for Editor in 0.44 ms, found 1 plugins.
Preloading 0 native plugins for Editor in 0.00 ms.
Invoked RoslynAnalysisRunner static constructor.
RoslynAnalysisRunner will not be running.
RoslynAnalysisRunner has terminated.
Mono: successfully reloaded assembly
- Completed reload, in  0.710 seconds
Platform modules already initialized, skipping
Refreshing native plugins compatible for Editor in 0.35 ms, found 1 plugins.
Preloading 0 native plugins for Editor in 0.00 ms.
Unloading 1813 Unused Serialized files (Serialized files now loaded: 0)
System memory in use before: 88.2 MB.
System memory in use after: 88.2 MB.

Unloading 12 unused Assets to reduce memory usage. Loaded Objects now: 2272.
Total: 2.044800 ms (FindLiveObjects: 0.335100 ms CreateObjectMapping: 0.148600 ms MarkObjects: 1.465800 ms  DeleteObjects: 0.094200 ms)

========================================================================
Received Import Request.
  Time since last request: 1538.485469 seconds.
  path: Assets/Resources/Prefabs/Map/Blocks/Halls/D/Down Hall 1.prefab
  artifactKey: Guid(2b2c8cbcec53dd649a99371564a4dd89) Importer(815301076,1909f56bfc062723c751e8b465ee728b)
Start importing Assets/Resources/Prefabs/Map/Blocks/Halls/D/Down Hall 1.prefab using Guid(2b2c8cbcec53dd649a99371564a4dd89) Importer(815301076,1909f56bfc062723c751e8b465ee728b)  -> (artifact id: '37fabb7df7640201e990d4b167ce3e20') in 0.025463 seconds
  Import took 0.028142 seconds .

